# JRE version: Java(TM) SE Runtime Environment (8.0_101-b13) (build 1.8.0_101-b13)
# Java VM: Java HotSpot(TM) 64-Bit Server VM (25.101-b13 mixed mode windows-amd64 compressed oops)
Heap:
 PSYoungGen      total 708096K, used 309414K [0x0000000780000000, 0x00000007adf00000, 0x00000007c0000000)
  eden space 676864K, 41% used [0x0000000780000000,0x0000000790fac418,0x00000007a9500000)
  from space 31232K, 99% used [0x00000007a9500000,0x00000007ab37d710,0x00000007ab380000)
  to   space 17920K, 0% used [0x00000007ab380000,0x00000007ab380000,0x00000007ac500000)
 ParOldGen       total 1276416K, used 1189436K [0x0000000700000000, 0x000000074de80000, 0x0000000780000000)
  object space 1276416K, 93% used [0x0000000700000000,0x000000074898f3b8,0x000000074de80000)
 Metaspace       used 55579K, capacity 56424K, committed 56664K, reserved 1099776K
  class space    used 7015K, capacity 7225K, committed 7296K, reserved 1048576K
GC Heap History (10 events):
Event: 686.965 GC heap before
{Heap before GC invocations=126 (full 9):
 PSYoungGen      total 701952K, used 696393K [0x0000000780000000, 0x00000007abd80000, 0x00000007c0000000)
  eden space 686592K, 100% used [0x0000000780000000,0x00000007a9e80000,0x00000007a9e80000)
  from space 15360K, 63% used [0x00000007aae80000,0x00000007ab8124a8,0x00000007abd80000)
  to   space 15872K, 0% used [0x00000007a9e80000,0x00000007a9e80000,0x00000007aae00000)
 ParOldGen       total 1276416K, used 994477K [0x0000000700000000, 0x000000074de80000, 0x0000000780000000)
  object space 1276416K, 77% used [0x0000000700000000,0x000000073cb2b540,0x000000074de80000)
 Metaspace       used 47327K, capacity 48106K, committed 48472K, reserved 1091584K
  class space    used 6204K, capacity 6420K, committed 6528K, reserved 1048576K
Event: 687.013 GC heap after
Heap after GC invocations=126 (full 9):
 PSYoungGen      total 702464K, used 15850K [0x0000000780000000, 0x00000007ac500000, 0x00000007c0000000)
  eden space 686592K, 0% used [0x0000000780000000,0x0000000780000000,0x00000007a9e80000)
  from space 15872K, 99% used [0x00000007a9e80000,0x00000007aadfa950,0x00000007aae00000)
  to   space 17920K, 0% used [0x00000007ab380000,0x00000007ab380000,0x00000007ac500000)
 ParOldGen       total 1276416K, used 996174K [0x0000000700000000, 0x000000074de80000, 0x0000000780000000)
  object space 1276416K, 78% used [0x0000000700000000,0x000000073ccd3968,0x000000074de80000)
 Metaspace       used 47327K, capacity 48106K, committed 48472K, reserved 1091584K
  class space    used 6204K, capacity 6420K, committed 6528K, reserved 1048576K
}
Event: 701.461 GC heap before
{Heap before GC invocations=127 (full 9):
 PSYoungGen      total 702464K, used 702442K [0x0000000780000000, 0x00000007ac500000, 0x00000007c0000000)
  eden space 686592K, 100% used [0x0000000780000000,0x00000007a9e80000,0x00000007a9e80000)
  from space 15872K, 99% used [0x00000007a9e80000,0x00000007aadfa950,0x00000007aae00000)
  to   space 17920K, 0% used [0x00000007ab380000,0x00000007ab380000,0x00000007ac500000)
 ParOldGen       total 1276416K, used 996174K [0x0000000700000000, 0x000000074de80000, 0x0000000780000000)
  object space 1276416K, 78% used [0x0000000700000000,0x000000073ccd3968,0x000000074de80000)
 Metaspace       used 47382K, capacity 48106K, committed 48472K, reserved 1091584K
  class space    used 6206K, capacity 6420K, committed 6528K, reserved 1048576K
Event: 701.627 GC heap after
Heap after GC invocations=127 (full 9):
 PSYoungGen      total 704512K, used 17910K [0x0000000780000000, 0x00000007ac500000, 0x00000007c0000000)
  eden space 686592K, 0% used [0x0000000780000000,0x0000000780000000,0x00000007a9e80000)
  from space 17920K, 99% used [0x00000007ab380000,0x00000007ac4fdb28,0x00000007ac500000)
  to   space 15872K, 0% used [0x00000007a9e80000,0x00000007a9e80000,0x00000007aae00000)
 ParOldGen       total 1276416K, used 1032417K [0x0000000700000000, 0x000000074de80000, 0x0000000780000000)
  object space 1276416K, 80% used [0x0000000700000000,0x000000073f038528,0x000000074de80000)
 Metaspace       used 47382K, capacity 48106K, committed 48472K, reserved 1091584K
  class space    used 6206K, capacity 6420K, committed 6528K, reserved 1048576K
}
Event: 716.663 GC heap before
{Heap before GC invocations=128 (full 9):
 PSYoungGen      total 704512K, used 704502K [0x0000000780000000, 0x00000007ac500000, 0x00000007c0000000)
  eden space 686592K, 100% used [0x0000000780000000,0x00000007a9e80000,0x00000007a9e80000)
  from space 17920K, 99% used [0x00000007ab380000,0x00000007ac4fdb28,0x00000007ac500000)
  to   space 15872K, 0% used [0x00000007a9e80000,0x00000007a9e80000,0x00000007aae00000)
 ParOldGen       total 1276416K, used 1032417K [0x0000000700000000, 0x000000074de80000, 0x0000000780000000)
  object space 1276416K, 80% used [0x0000000700000000,0x000000073f038528,0x000000074de80000)
 Metaspace       used 47453K, capacity 48170K, committed 48472K, reserved 1091584K
  class space    used 6209K, capacity 6420K, committed 6528K, reserved 1048576K
Event: 716.707 GC heap after
Heap after GC invocations=128 (full 9):
 PSYoungGen      total 702464K, used 15847K [0x0000000780000000, 0x00000007ac500000, 0x00000007c0000000)
  eden space 686592K, 0% used [0x0000000780000000,0x0000000780000000,0x00000007a9e80000)
  from space 15872K, 99% used [0x00000007a9e80000,0x00000007aadf9c08,0x00000007aae00000)
  to   space 17920K, 0% used [0x00000007ab380000,0x00000007ab380000,0x00000007ac500000)
 ParOldGen       total 1276416K, used 1035462K [0x0000000700000000, 0x000000074de80000, 0x0000000780000000)
  object space 1276416K, 81% used [0x0000000700000000,0x000000073f331860,0x000000074de80000)
 Metaspace       used 47453K, capacity 48170K, committed 48472K, reserved 1091584K
  class space    used 6209K, capacity 6420K, committed 6528K, reserved 1048576K
}
Event: 728.334 GC heap before
{Heap before GC invocations=129 (full 9):
 PSYoungGen      total 702464K, used 702439K [0x0000000780000000, 0x00000007ac500000, 0x00000007c0000000)
  eden space 686592K, 100% used [0x0000000780000000,0x00000007a9e80000,0x00000007a9e80000)
  from space 15872K, 99% used [0x00000007a9e80000,0x00000007aadf9c08,0x00000007aae00000)
  to   space 17920K, 0% used [0x00000007ab380000,0x00000007ab380000,0x00000007ac500000)
 ParOldGen       total 1276416K, used 1035462K [0x0000000700000000, 0x000000074de80000, 0x0000000780000000)
  object space 1276416K, 81% used [0x0000000700000000,0x000000073f331860,0x000000074de80000)
 Metaspace       used 47455K, capacity 48170K, committed 48472K, reserved 1091584K
  class space    used 6209K, capacity 6420K, committed 6528K, reserved 1048576K
Event: 728.386 GC heap after
Heap after GC invocations=129 (full 9):
 PSYoungGen      total 694784K, used 15095K [0x0000000780000000, 0x00000007adf00000, 0x00000007c0000000)
  eden space 676864K, 0% used [0x0000000780000000,0x0000000780000000,0x00000007a9500000)
  from space 17920K, 84% used [0x00000007ab380000,0x00000007ac23dc28,0x00000007ac500000)
  to   space 31232K, 0% used [0x00000007a9500000,0x00000007a9500000,0x00000007ab380000)
 ParOldGen       total 1276416K, used 1036582K [0x0000000700000000, 0x000000074de80000, 0x0000000780000000)
  object space 1276416K, 81% used [0x0000000700000000,0x000000073f449860,0x000000074de80000)
 Metaspace       used 47455K, capacity 48170K, committed 48472K, reserved 1091584K
  class space    used 6209K, capacity 6420K, committed 6528K, reserved 1048576K
}
Event: 851.769 GC heap before
{Heap before GC invocations=130 (full 9):
 PSYoungGen      total 694784K, used 691959K [0x0000000780000000, 0x00000007adf00000, 0x00000007c0000000)
  eden space 676864K, 100% used [0x0000000780000000,0x00000007a9500000,0x00000007a9500000)
  from space 17920K, 84% used [0x00000007ab380000,0x00000007ac23dc28,0x00000007ac500000)
  to   space 31232K, 0% used [0x00000007a9500000,0x00000007a9500000,0x00000007ab380000)
 ParOldGen       total 1276416K, used 1036582K [0x0000000700000000, 0x000000074de80000, 0x0000000780000000)
  object space 1276416K, 81% used [0x0000000700000000,0x000000073f449860,0x000000074de80000)
 Metaspace       used 53832K, capacity 54664K, committed 54744K, reserved 1097728K
  class space    used 6922K, capacity 7129K, committed 7168K, reserved 1048576K
Event: 852.587 GC heap after
Heap after GC invocations=130 (full 9):
 PSYoungGen      total 708096K, used 31221K [0x0000000780000000, 0x00000007adf00000, 0x00000007c0000000)
  eden space 676864K, 0% used [0x0000000780000000,0x0000000780000000,0x00000007a9500000)
  from space 31232K, 99% used [0x00000007a9500000,0x00000007ab37d710,0x00000007ab380000)
  to   space 17920K, 0% used [0x00000007ab380000,0x00000007ab380000,0x00000007ac500000)
 ParOldGen       total 1276416K, used 1189436K [0x0000000700000000, 0x000000074de80000, 0x0000000780000000)
  object space 1276416K, 93% used [0x0000000700000000,0x000000074898f3b8,0x000000074de80000)
 Metaspace       used 53832K, capacity 54664K, committed 54744K, reserved 1097728K
  class space    used 6922K, capacity 7129K, committed 7168K, reserved 1048576K
}

